Performing C SOURCE FILE Test CMAKE_HAVE_LIBC_PTHREAD failed with the following output:
Change Dir: C:/Users/rmw07/Documents/c/vulkan/build/CMakeFiles/CMakeScratch/TryCompile-jsxa63

Run Build Command(s):C:/Program Files/Microsoft Visual Studio/2022/Community/MSBuild/Current/Bin/amd64/MSBuild.exe cmTC_1a5fd.vcxproj /p:Configuration=Debug /p:Platform=x64 /p:VisualStudioVersion=17.0 /v:m && MSBuild version 17.3.1+2badb37d1 for .NET Framework
  Microsoft (R) C/C++ Optimizing Compiler Version 19.33.31630 for x64
  src.c
  Copyright (C) Microsoft Corporation.  All rights reserved.
  cl /c /Zi /W1 /WX- /diagnostics:column /Od /Ob0 /D _MBCS /D WIN32 /D _WINDOWS /D CMAKE_HAVE_LIBC_PTHREAD /D "CMAKE_INTDIR=\"Debug\"" /Gm- /RTC1 /MDd /GS /fp:precise /Zc:wchar_t /Zc:forScope /Zc:inline /Fo"cmTC_1a5fd.dir\Debug\\" /Fd"cmTC_1a5fd.dir\Debug\vc143.pdb" /external:W1 /Gd /TC /errorReport:queue "C:\Users\rmw07\Documents\c\vulkan\build\CMakeFiles\CMakeScratch\TryCompile-jsxa63\src.c"
C:\Users\rmw07\Documents\c\vulkan\build\CMakeFiles\CMakeScratch\TryCompile-jsxa63\src.c(1,10): fatal  error C1083: Cannot open include file: 'pthread.h': No such file or directory [C:\Users\rmw07\Documents\c\vulkan\build\CMakeFiles\CMakeScratch\TryCompile-jsxa63\cmTC_1a5fd.vcxproj]


Source file was:
#include <pthread.h>

static void* test_func(void* data)
{
  return data;
}

int main(void)
{
  pthread_t thread;
  pthread_create(&thread, NULL, test_func, NULL);
  pthread_detach(thread);
  pthread_cancel(thread);
  pthread_join(thread, NULL);
  pthread_atfork(NULL, NULL, NULL);
  pthread_exit(NULL);

  return 0;
}


Determining if the function pthread_create exists in the pthreads failed with the following output:
Change Dir: C:/Users/rmw07/Documents/c/vulkan/build/CMakeFiles/CMakeScratch/TryCompile-g7pqa9

Run Build Command(s):C:/Program Files/Microsoft Visual Studio/2022/Community/MSBuild/Current/Bin/amd64/MSBuild.exe cmTC_533ee.vcxproj /p:Configuration=Debug /p:Platform=x64 /p:VisualStudioVersion=17.0 /v:m && MSBuild version 17.3.1+2badb37d1 for .NET Framework
  Microsoft (R) C/C++ Optimizing Compiler Version 19.33.31630 for x64
  CheckFunctionExists.c
  Copyright (C) Microsoft Corporation.  All rights reserved.
  cl /c /Zi /W1 /WX- /diagnostics:column /Od /Ob0 /D _MBCS /D WIN32 /D _WINDOWS /D CHECK_FUNCTION_EXISTS=pthread_create /D "CMAKE_INTDIR=\"Debug\"" /Gm- /RTC1 /MDd /GS /fp:precise /Zc:wchar_t /Zc:forScope /Zc:inline /Fo"cmTC_533ee.dir\Debug\\" /Fd"cmTC_533ee.dir\Debug\vc143.pdb" /external:W1 /Gd /TC /errorReport:queue "C:\Users\rmw07\Documents\c\vulkan\build\CMakeFiles\CMakeScratch\TryCompile-g7pqa9\CheckFunctionExists.c"
LINK : fatal error LNK1104: cannot open file 'pthreads.lib' [C:\Users\rmw07\Documents\c\vulkan\build\CMakeFiles\CMakeScratch\TryCompile-g7pqa9\cmTC_533ee.vcxproj]



Determining if the function pthread_create exists in the pthread failed with the following output:
Change Dir: C:/Users/rmw07/Documents/c/vulkan/build/CMakeFiles/CMakeScratch/TryCompile-10w530

Run Build Command(s):C:/Program Files/Microsoft Visual Studio/2022/Community/MSBuild/Current/Bin/amd64/MSBuild.exe cmTC_92de8.vcxproj /p:Configuration=Debug /p:Platform=x64 /p:VisualStudioVersion=17.0 /v:m && MSBuild version 17.3.1+2badb37d1 for .NET Framework
  Microsoft (R) C/C++ Optimizing Compiler Version 19.33.31630 for x64
  CheckFunctionExists.c
  Copyright (C) Microsoft Corporation.  All rights reserved.
  cl /c /Zi /W1 /WX- /diagnostics:column /Od /Ob0 /D _MBCS /D WIN32 /D _WINDOWS /D CHECK_FUNCTION_EXISTS=pthread_create /D "CMAKE_INTDIR=\"Debug\"" /Gm- /RTC1 /MDd /GS /fp:precise /Zc:wchar_t /Zc:forScope /Zc:inline /Fo"cmTC_92de8.dir\Debug\\" /Fd"cmTC_92de8.dir\Debug\vc143.pdb" /external:W1 /Gd /TC /errorReport:queue "C:\Users\rmw07\Documents\c\vulkan\build\CMakeFiles\CMakeScratch\TryCompile-10w530\CheckFunctionExists.c"
LINK : fatal error LNK1104: cannot open file 'pthread.lib' [C:\Users\rmw07\Documents\c\vulkan\build\CMakeFiles\CMakeScratch\TryCompile-10w530\cmTC_92de8.vcxproj]



